# JRE version: OpenJDK Runtime Environment (11.0.13) (build 11.0.13+0-b1751.21-8125866)
# Java VM: OpenJDK 64-Bit Server VM (11.0.13+0-b1751.21-8125866, mixed mode, tiered, compressed oops, g1 gc, windows-amd64)
Heap:
 garbage-first heap   total 129024K, used 99860K [0x00000000a0000000, 0x0000000100000000)
  region size 1024K, 17 young (17408K), 2 survivors (2048K)
 Metaspace       used 78316K, capacity 80696K, committed 80720K, reserved 1120256K
  class space    used 10156K, capacity 10996K, committed 11008K, reserved 1048576K
GC Heap History (20 events):
Event: 31.343 GC heap before
{Heap before GC invocations=69 (full 0):
 garbage-first heap   total 107520K, used 91203K [0x00000000a0000000, 0x0000000100000000)
  region size 1024K, 15 young (15360K), 1 survivors (1024K)
 Metaspace       used 72595K, capacity 74660K, committed 74960K, reserved 1114112K
  class space    used 9258K, capacity 9986K, committed 10112K, reserved 1048576K
}
Event: 31.346 GC heap after
{Heap after GC invocations=70 (full 0):
 garbage-first heap   total 107520K, used 77475K [0x00000000a0000000, 0x0000000100000000)
  region size 1024K, 2 young (2048K), 2 survivors (2048K)
 Metaspace       used 72595K, capacity 74660K, committed 74960K, reserved 1114112K
  class space    used 9258K, capacity 9986K, committed 10112K, reserved 1048576K
}
Event: 31.682 GC heap before
{Heap before GC invocations=70 (full 0):
 garbage-first heap   total 107520K, used 90787K [0x00000000a0000000, 0x0000000100000000)
  region size 1024K, 15 young (15360K), 2 survivors (2048K)
 Metaspace       used 74043K, capacity 76060K, committed 76240K, reserved 1116160K
  class space    used 9540K, capacity 10281K, committed 10368K, reserved 1048576K
}
Event: 31.685 GC heap after
{Heap after GC invocations=71 (full 0):
 garbage-first heap   total 107520K, used 78242K [0x00000000a0000000, 0x0000000100000000)
  region size 1024K, 2 young (2048K), 2 survivors (2048K)
 Metaspace       used 74043K, capacity 76060K, committed 76240K, reserved 1116160K
  class space    used 9540K, capacity 10281K, committed 10368K, reserved 1048576K
}
Event: 32.030 GC heap before
{Heap before GC invocations=72 (full 0):
 garbage-first heap   total 107520K, used 91554K [0x00000000a0000000, 0x0000000100000000)
  region size 1024K, 15 young (15360K), 2 survivors (2048K)
 Metaspace       used 75174K, capacity 77184K, committed 77392K, reserved 1116160K
  class space    used 9684K, capacity 10397K, committed 10496K, reserved 1048576K
}
Event: 32.034 GC heap after
{Heap after GC invocations=73 (full 0):
 garbage-first heap   total 107520K, used 78963K [0x00000000a0000000, 0x0000000100000000)
  region size 1024K, 2 young (2048K), 2 survivors (2048K)
 Metaspace       used 75174K, capacity 77184K, committed 77392K, reserved 1116160K
  class space    used 9684K, capacity 10397K, committed 10496K, reserved 1048576K
}
Event: 32.230 GC heap before
{Heap before GC invocations=73 (full 0):
 garbage-first heap   total 107520K, used 92275K [0x00000000a0000000, 0x0000000100000000)
  region size 1024K, 15 young (15360K), 2 survivors (2048K)
 Metaspace       used 75622K, capacity 77688K, committed 78032K, reserved 1116160K
  class space    used 9741K, capacity 10498K, committed 10624K, reserved 1048576K
}
Event: 32.234 GC heap after
{Heap after GC invocations=74 (full 0):
 garbage-first heap   total 107520K, used 80294K [0x00000000a0000000, 0x0000000100000000)
  region size 1024K, 2 young (2048K), 2 survivors (2048K)
 Metaspace       used 75622K, capacity 77688K, committed 78032K, reserved 1116160K
  class space    used 9741K, capacity 10498K, committed 10624K, reserved 1048576K
}
Event: 32.385 GC heap before
{Heap before GC invocations=75 (full 0):
 garbage-first heap   total 107520K, used 92582K [0x00000000a0000000, 0x0000000100000000)
  region size 1024K, 14 young (14336K), 2 survivors (2048K)
 Metaspace       used 75959K, capacity 78120K, committed 78288K, reserved 1118208K
  class space    used 9808K, capacity 10580K, committed 10624K, reserved 1048576K
}
Event: 32.389 GC heap after
{Heap after GC invocations=76 (full 0):
 garbage-first heap   total 107520K, used 81522K [0x00000000a0000000, 0x0000000100000000)
  region size 1024K, 2 young (2048K), 2 survivors (2048K)
 Metaspace       used 75959K, capacity 78120K, committed 78288K, reserved 1118208K
  class space    used 9808K, capacity 10580K, committed 10624K, reserved 1048576K
}
Event: 32.499 GC heap before
{Heap before GC invocations=76 (full 0):
 garbage-first heap   total 107520K, used 90738K [0x00000000a0000000, 0x0000000100000000)
  region size 1024K, 12 young (12288K), 2 survivors (2048K)
 Metaspace       used 76493K, capacity 78650K, committed 78928K, reserved 1118208K
  class space    used 9905K, capacity 10671K, committed 10752K, reserved 1048576K
}
Event: 32.503 GC heap after
{Heap after GC invocations=77 (full 0):
 garbage-first heap   total 107520K, used 82564K [0x00000000a0000000, 0x0000000100000000)
  region size 1024K, 2 young (2048K), 2 survivors (2048K)
 Metaspace       used 76493K, capacity 78650K, committed 78928K, reserved 1118208K
  class space    used 9905K, capacity 10671K, committed 10752K, reserved 1048576K
}
Event: 32.617 GC heap before
{Heap before GC invocations=78 (full 0):
 garbage-first heap   total 107520K, used 91780K [0x00000000a0000000, 0x0000000100000000)
  region size 1024K, 11 young (11264K), 2 survivors (2048K)
 Metaspace       used 76684K, capacity 78890K, committed 79184K, reserved 1118208K
  class space    used 9936K, capacity 10706K, committed 10752K, reserved 1048576K
}
Event: 32.620 GC heap after
{Heap after GC invocations=79 (full 0):
 garbage-first heap   total 107520K, used 83238K [0x00000000a0000000, 0x0000000100000000)
  region size 1024K, 2 young (2048K), 2 survivors (2048K)
 Metaspace       used 76684K, capacity 78890K, committed 79184K, reserved 1118208K
  class space    used 9936K, capacity 10706K, committed 10752K, reserved 1048576K
}
Event: 32.709 GC heap before
{Heap before GC invocations=79 (full 0):
 garbage-first heap   total 107520K, used 92454K [0x00000000a0000000, 0x0000000100000000)
  region size 1024K, 11 young (11264K), 2 survivors (2048K)
 Metaspace       used 76874K, capacity 79039K, committed 79184K, reserved 1118208K
  class space    used 9964K, capacity 10711K, committed 10752K, reserved 1048576K
}
Event: 32.715 GC heap after
{Heap after GC invocations=80 (full 0):
 garbage-first heap   total 107520K, used 84086K [0x00000000a0000000, 0x0000000100000000)
  region size 1024K, 2 young (2048K), 2 survivors (2048K)
 Metaspace       used 76874K, capacity 79039K, committed 79184K, reserved 1118208K
  class space    used 9964K, capacity 10711K, committed 10752K, reserved 1048576K
}
Event: 32.888 GC heap before
{Heap before GC invocations=81 (full 0):
 garbage-first heap   total 107520K, used 92278K [0x00000000a0000000, 0x0000000100000000)
  region size 1024K, 10 young (10240K), 2 survivors (2048K)
 Metaspace       used 77216K, capacity 79450K, committed 79568K, reserved 1118208K
  class space    used 10010K, capacity 10821K, committed 10880K, reserved 1048576K
}
Event: 32.891 GC heap after
{Heap after GC invocations=82 (full 0):
 garbage-first heap   total 107520K, used 85026K [0x00000000a0000000, 0x0000000100000000)
  region size 1024K, 2 young (2048K), 2 survivors (2048K)
 Metaspace       used 77216K, capacity 79450K, committed 79568K, reserved 1118208K
  class space    used 10010K, capacity 10821K, committed 10880K, reserved 1048576K
}
Event: 33.028 GC heap before
{Heap before GC invocations=82 (full 0):
 garbage-first heap   total 107520K, used 91170K [0x00000000a0000000, 0x0000000100000000)
  region size 1024K, 9 young (9216K), 2 survivors (2048K)
 Metaspace       used 77889K, capacity 80250K, committed 80464K, reserved 1118208K
  class space    used 10102K, capacity 10940K, committed 11008K, reserved 1048576K
}
Event: 33.033 GC heap after
{Heap after GC invocations=83 (full 0):
 garbage-first heap   total 129024K, used 85524K [0x00000000a0000000, 0x0000000100000000)
  region size 1024K, 2 young (2048K), 2 survivors (2048K)
 Metaspace       used 77889K, capacity 80250K, committed 80464K, reserved 1118208K
  class space    used 10102K, capacity 10940K, committed 11008K, reserved 1048576K
}

