# JRE version: OpenJDK Runtime Environment (11.0.13) (build 11.0.13+0-b1751.21-8125866)
# Java VM: OpenJDK 64-Bit Server VM (11.0.13+0-b1751.21-8125866, mixed mode, tiered, compressed oops, g1 gc, windows-amd64)
Heap:
 garbage-first heap   total 404480K, used 269053K [0x00000000a0000000, 0x0000000100000000)
  region size 1024K, 64 young (65536K), 5 survivors (5120K)
 Metaspace       used 112197K, capacity 117070K, committed 117328K, reserved 1150976K
  class space    used 14476K, capacity 16025K, committed 16128K, reserved 1048576K
GC Heap History (20 events):
Event: 62.244 GC heap before
{Heap before GC invocations=120 (full 0):
 garbage-first heap   total 329728K, used 302078K [0x00000000a0000000, 0x0000000100000000)
  region size 1024K, 17 young (17408K), 2 survivors (2048K)
 Metaspace       used 108852K, capacity 113467K, committed 113744K, reserved 1146880K
  class space    used 14072K, capacity 15528K, committed 15616K, reserved 1048576K
}
Event: 62.248 GC heap after
{Heap after GC invocations=121 (full 0):
 garbage-first heap   total 329728K, used 289603K [0x00000000a0000000, 0x0000000100000000)
  region size 1024K, 2 young (2048K), 2 survivors (2048K)
 Metaspace       used 108852K, capacity 113467K, committed 113744K, reserved 1146880K
  class space    used 14072K, capacity 15528K, committed 15616K, reserved 1048576K
}
Event: 62.354 GC heap before
{Heap before GC invocations=121 (full 0):
 garbage-first heap   total 329728K, used 302915K [0x00000000a0000000, 0x0000000100000000)
  region size 1024K, 17 young (17408K), 2 survivors (2048K)
 Metaspace       used 108861K, capacity 113467K, committed 113744K, reserved 1146880K
  class space    used 14072K, capacity 15528K, committed 15616K, reserved 1048576K
}
Event: 62.356 GC heap after
{Heap after GC invocations=122 (full 0):
 garbage-first heap   total 329728K, used 290065K [0x00000000a0000000, 0x0000000100000000)
  region size 1024K, 2 young (2048K), 2 survivors (2048K)
 Metaspace       used 108861K, capacity 113467K, committed 113744K, reserved 1146880K
  class space    used 14072K, capacity 15528K, committed 15616K, reserved 1048576K
}
Event: 62.798 GC heap before
{Heap before GC invocations=123 (full 0):
 garbage-first heap   total 329728K, used 303377K [0x00000000a0000000, 0x0000000100000000)
  region size 1024K, 17 young (17408K), 2 survivors (2048K)
 Metaspace       used 108903K, capacity 113494K, committed 113744K, reserved 1146880K
  class space    used 14068K, capacity 15514K, committed 15616K, reserved 1048576K
}
Event: 62.802 GC heap after
{Heap after GC invocations=124 (full 0):
 garbage-first heap   total 329728K, used 290746K [0x00000000a0000000, 0x0000000100000000)
  region size 1024K, 2 young (2048K), 2 survivors (2048K)
 Metaspace       used 108903K, capacity 113494K, committed 113744K, reserved 1146880K
  class space    used 14068K, capacity 15514K, committed 15616K, reserved 1048576K
}
Event: 62.946 GC heap before
{Heap before GC invocations=124 (full 0):
 garbage-first heap   total 329728K, used 305082K [0x00000000a0000000, 0x0000000100000000)
  region size 1024K, 16 young (16384K), 2 survivors (2048K)
 Metaspace       used 109011K, capacity 113568K, committed 113744K, reserved 1146880K
  class space    used 14079K, capacity 15516K, committed 15616K, reserved 1048576K
}
Event: 62.955 GC heap after
{Heap after GC invocations=125 (full 0):
 garbage-first heap   total 329728K, used 291474K [0x00000000a0000000, 0x0000000100000000)
  region size 1024K, 2 young (2048K), 2 survivors (2048K)
 Metaspace       used 109011K, capacity 113568K, committed 113744K, reserved 1146880K
  class space    used 14079K, capacity 15516K, committed 15616K, reserved 1048576K
}
Event: 64.454 GC heap before
{Heap before GC invocations=126 (full 0):
 garbage-first heap   total 329728K, used 304786K [0x00000000a0000000, 0x0000000100000000)
  region size 1024K, 16 young (16384K), 2 survivors (2048K)
 Metaspace       used 109045K, capacity 113595K, committed 113744K, reserved 1146880K
  class space    used 14083K, capacity 15524K, committed 15616K, reserved 1048576K
}
Event: 64.460 GC heap after
{Heap after GC invocations=127 (full 0):
 garbage-first heap   total 329728K, used 292231K [0x00000000a0000000, 0x0000000100000000)
  region size 1024K, 2 young (2048K), 2 survivors (2048K)
 Metaspace       used 109045K, capacity 113595K, committed 113744K, reserved 1146880K
  class space    used 14083K, capacity 15524K, committed 15616K, reserved 1048576K
}
Event: 64.806 GC heap before
{Heap before GC invocations=127 (full 0):
 garbage-first heap   total 329728K, used 305543K [0x00000000a0000000, 0x0000000100000000)
  region size 1024K, 16 young (16384K), 2 survivors (2048K)
 Metaspace       used 109366K, capacity 113986K, committed 114256K, reserved 1148928K
  class space    used 14117K, capacity 15567K, committed 15616K, reserved 1048576K
}
Event: 64.813 GC heap after
{Heap after GC invocations=128 (full 0):
 garbage-first heap   total 329728K, used 294078K [0x00000000a0000000, 0x0000000100000000)
  region size 1024K, 2 young (2048K), 2 survivors (2048K)
 Metaspace       used 109366K, capacity 113986K, committed 114256K, reserved 1148928K
  class space    used 14117K, capacity 15567K, committed 15616K, reserved 1048576K
}
Event: 65.187 GC heap before
{Heap before GC invocations=128 (full 0):
 garbage-first heap   total 329728K, used 255166K [0x00000000a0000000, 0x0000000100000000)
  region size 1024K, 16 young (16384K), 2 survivors (2048K)
 Metaspace       used 110005K, capacity 114601K, committed 114896K, reserved 1148928K
  class space    used 14192K, capacity 15673K, committed 15744K, reserved 1048576K
}
Event: 65.195 GC heap after
{Heap after GC invocations=129 (full 0):
 garbage-first heap   total 329728K, used 190967K [0x00000000a0000000, 0x0000000100000000)
  region size 1024K, 2 young (2048K), 2 survivors (2048K)
 Metaspace       used 110005K, capacity 114601K, committed 114896K, reserved 1148928K
  class space    used 14192K, capacity 15673K, committed 15744K, reserved 1048576K
}
Event: 65.851 GC heap before
{Heap before GC invocations=130 (full 0):
 garbage-first heap   total 329728K, used 249335K [0x00000000a0000000, 0x0000000100000000)
  region size 1024K, 60 young (61440K), 2 survivors (2048K)
 Metaspace       used 110978K, capacity 115630K, committed 115792K, reserved 1148928K
  class space    used 14330K, capacity 15822K, committed 15872K, reserved 1048576K
}
Event: 65.857 GC heap after
{Heap after GC invocations=131 (full 0):
 garbage-first heap   total 329728K, used 192995K [0x00000000a0000000, 0x0000000100000000)
  region size 1024K, 4 young (4096K), 4 survivors (4096K)
 Metaspace       used 110978K, capacity 115630K, committed 115792K, reserved 1148928K
  class space    used 14330K, capacity 15822K, committed 15872K, reserved 1048576K
}
Event: 65.943 GC heap before
{Heap before GC invocations=131 (full 0):
 garbage-first heap   total 329728K, used 220643K [0x00000000a0000000, 0x0000000100000000)
  region size 1024K, 11 young (11264K), 4 survivors (4096K)
 Metaspace       used 111107K, capacity 115794K, committed 116048K, reserved 1148928K
  class space    used 14346K, capacity 15833K, committed 15872K, reserved 1048576K
}
Event: 65.954 GC heap after
{Heap after GC invocations=132 (full 0):
 garbage-first heap   total 329728K, used 216182K [0x00000000a0000000, 0x0000000100000000)
  region size 1024K, 4 young (4096K), 4 survivors (4096K)
 Metaspace       used 111107K, capacity 115794K, committed 116048K, reserved 1148928K
  class space    used 14346K, capacity 15833K, committed 15872K, reserved 1048576K
}
Event: 66.180 GC heap before
{Heap before GC invocations=132 (full 0):
 garbage-first heap   total 399360K, used 398454K [0x00000000a0000000, 0x0000000100000000)
  region size 1024K, 12 young (12288K), 4 survivors (4096K)
 Metaspace       used 111176K, capacity 115898K, committed 116048K, reserved 1148928K
  class space    used 14352K, capacity 15845K, committed 15872K, reserved 1048576K
}
Event: 66.185 GC heap after
{Heap after GC invocations=133 (full 0):
 garbage-first heap   total 404480K, used 210685K [0x00000000a0000000, 0x0000000100000000)
  region size 1024K, 5 young (5120K), 5 survivors (5120K)
 Metaspace       used 111176K, capacity 115898K, committed 116048K, reserved 1148928K
  class space    used 14352K, capacity 15845K, committed 15872K, reserved 1048576K
}

